<?xml version="1.0" encoding="UTF-8"?>
<!-- Generated by org.testng.reporters.JUnitXMLReporter -->
<testsuite ignored="0" hostname="USER-PC" failures="1" tests="2" name="Test" time="15.863" errors="0" timestamp="2022-12-01T01:15:52 IST">
  <testcase classname="Test.LoginTest_Skipped" name="LoginValidation" time="1.057">
    <failure type="org.testng.internal.thread.ThreadTimeoutException" message="Method Test.LoginTest_Skipped.LoginValidation() didn&amp;apos;t finish within the time-out 1000">
      <![CDATA[org.testng.internal.thread.ThreadTimeoutException: Method Test.LoginTest_Skipped.LoginValidation() didn't finish within the time-out 1000
at java.base/java.util.ArrayList.forEach(ArrayList.java:1511)
... Removed 24 stack frames]]>
    </failure>
  </testcase> <!-- LoginValidation -->
  <testcase classname="Test.LoginTest_Skipped" name="ValidInputLogin" time="0.001">
    <skipped/>
  </testcase> <!-- ValidInputLogin -->
</testsuite> <!-- Test -->
