<?xml version="1.0" encoding="UTF-8"?>
<testng-results ignored="0" total="3" passed="3" failed="0" skipped="0">
  <reporter-output>
  </reporter-output>
  <suite started-at="2022-12-01T23:41:44 IST" name="Suite" finished-at="2022-12-01T23:46:46 IST" duration-ms="301301">
    <groups>
    </groups>
    <test started-at="2022-12-01T23:41:44 IST" name="By chrome" finished-at="2022-12-01T23:43:17 IST" duration-ms="92752">
      <class name="Test.LoginTest">
        <test-method is-config="true" signature="setUp(java.lang.String)[pri:0, instance:Test.LoginTest@401f7633]" started-at="2022-12-01T23:41:44 IST" name="setUp" finished-at="2022-12-01T23:43:13 IST" duration-ms="88481" status="PASS">
          <params>
            <param index="0">
              <value>
                <![CDATA[chrome]]>
              </value>
            </param>
          </params>
          <reporter-output>
          </reporter-output>
        </test-method> <!-- setUp -->
        <test-method signature="LoginValidation()[pri:0, instance:Test.LoginTest@401f7633]" started-at="2022-12-01T23:43:13 IST" name="LoginValidation" finished-at="2022-12-01T23:43:17 IST" duration-ms="4151" status="PASS">
          <reporter-output>
          </reporter-output>
        </test-method> <!-- LoginValidation -->
      </class> <!-- Test.LoginTest -->
    </test> <!-- By chrome -->
    <test started-at="2022-12-01T23:43:19 IST" name="By firefox" finished-at="2022-12-01T23:45:05 IST" duration-ms="105838">
      <class name="Test.LoginTest">
        <test-method is-config="true" signature="setUp(java.lang.String)[pri:0, instance:Test.LoginTest@7331196b]" started-at="2022-12-01T23:43:19 IST" name="setUp" finished-at="2022-12-01T23:45:03 IST" duration-ms="103821" status="PASS">
          <params>
            <param index="0">
              <value>
                <![CDATA[firefox]]>
              </value>
            </param>
          </params>
          <reporter-output>
          </reporter-output>
        </test-method> <!-- setUp -->
        <test-method signature="LoginValidation()[pri:0, instance:Test.LoginTest@7331196b]" started-at="2022-12-01T23:45:03 IST" name="LoginValidation" finished-at="2022-12-01T23:45:05 IST" duration-ms="2000" status="PASS">
          <reporter-output>
          </reporter-output>
        </test-method> <!-- LoginValidation -->
      </class> <!-- Test.LoginTest -->
    </test> <!-- By firefox -->
    <test started-at="2022-12-01T23:45:05 IST" name="By Edge" finished-at="2022-12-01T23:46:46 IST" duration-ms="100708">
      <class name="Test.LoginTest">
        <test-method is-config="true" signature="setUp(java.lang.String)[pri:0, instance:Test.LoginTest@e70f13a]" started-at="2022-12-01T23:45:05 IST" name="setUp" finished-at="2022-12-01T23:46:43 IST" duration-ms="98448" status="PASS">
          <params>
            <param index="0">
              <value>
                <![CDATA[edge]]>
              </value>
            </param>
          </params>
          <reporter-output>
          </reporter-output>
        </test-method> <!-- setUp -->
        <test-method signature="LoginValidation()[pri:0, instance:Test.LoginTest@e70f13a]" started-at="2022-12-01T23:46:43 IST" name="LoginValidation" finished-at="2022-12-01T23:46:46 IST" duration-ms="2246" status="PASS">
          <reporter-output>
          </reporter-output>
        </test-method> <!-- LoginValidation -->
      </class> <!-- Test.LoginTest -->
    </test> <!-- By Edge -->
  </suite> <!-- Suite -->
</testng-results>
